<?xml version="1.0" encoding="UTF-8"?>
<!-- Generated by org.testng.reporters.JUnitReportReporter -->
<testsuite hostname="DESKTOP-73IC2JE" failures="0" tests="1" name="ar.TestRunner" time="0.161" errors="0" timestamp="2025-10-30T11:43:35 IST" skipped="0">
  <testcase classname="ar.TestRunner" name="test" time="0.161"/>
</testsuite> <!-- ar.TestRunner -->
