<?xml version="1.0" encoding="UTF-8"?>
<!-- Generated by org.testng.reporters.JUnitReportReporter -->
<testsuite hostname="DESKTOP-73IC2JE" failures="0" tests="1" name="ar.TestRunner" time="0.283" errors="0" timestamp="2025-10-31T12:10:50 IST" skipped="0">
  <testcase classname="ar.TestRunner" name="test" time="0.283"/>
</testsuite> <!-- ar.TestRunner -->
